<?xml version="1.0" encoding="UTF-8"?>
<!-- Generated by org.testng.reporters.JUnitXMLReporter -->
<testsuite hostname="DESKTOP-O4F1P9N" ignored="0" name="Default test" tests="3" failures="0" timestamp="08 Aug 2017 11:51:12 GMT" time="31.856" errors="0">
  <testcase name="test2" time="13.74" classname="basics.Different_Website_Triggering"/>
  <testcase name="test3" time="7.586" classname="basics.Different_Website_Triggering"/>
  <testcase name="test4" time="10.476" classname="basics.Different_Website_Triggering"/>
</testsuite> <!-- Default test -->
