<?xml version="1.0" encoding="UTF-8"?>
<testng-results skipped="0" failed="0" ignored="0" total="3" passed="3">
  <reporter-output>
  </reporter-output>
  <suite name="Default suite" duration-ms="31856" started-at="2017-08-08T11:50:39Z" finished-at="2017-08-08T11:51:11Z">
    <groups>
    </groups>
    <test name="Default test" duration-ms="31856" started-at="2017-08-08T11:50:39Z" finished-at="2017-08-08T11:51:11Z">
      <class name="basics.Different_Website_Triggering">
        <test-method status="PASS" signature="test2()[pri:2, instance:basics.Different_Website_Triggering@1593948d]" name="test2" duration-ms="13740" started-at="2017-08-08T17:20:39Z" finished-at="2017-08-08T17:20:53Z">
          <reporter-output>
          </reporter-output>
        </test-method> <!-- test2 -->
        <test-method status="PASS" signature="test3()[pri:3, instance:basics.Different_Website_Triggering@1593948d]" name="test3" duration-ms="7586" started-at="2017-08-08T17:20:53Z" finished-at="2017-08-08T17:21:00Z">
          <reporter-output>
          </reporter-output>
        </test-method> <!-- test3 -->
        <test-method status="PASS" signature="test4()[pri:4, instance:basics.Different_Website_Triggering@1593948d]" name="test4" duration-ms="10476" started-at="2017-08-08T17:21:00Z" finished-at="2017-08-08T17:21:11Z">
          <reporter-output>
          </reporter-output>
        </test-method> <!-- test4 -->
      </class> <!-- basics.Different_Website_Triggering -->
    </test> <!-- Default test -->
  </suite> <!-- Default suite -->
</testng-results>
